[2023-05-13 03:46:25.935] [jointLog] [info] setting maxHashResizeThreads to 4
[2023-05-13 03:46:25.935] [jointLog] [info] Fragment incompatibility prior below threshold.  Incompatible fragments will be ignored.
[2023-05-13 03:46:25.935] [jointLog] [info] Usage of --validateMappings implies use of minScoreFraction. Since not explicitly specified, it is being set to 0.65
[2023-05-13 03:46:25.935] [jointLog] [info] Setting consensusSlack to selective-alignment default of 0.35.
[2023-05-13 03:46:25.935] [jointLog] [info] parsing read library format
[2023-05-13 03:46:25.935] [jointLog] [info] There is 1 library.
[2023-05-13 03:46:26.006] [jointLog] [info] Loading pufferfish index
[2023-05-13 03:46:26.007] [jointLog] [info] Loading dense pufferfish index.
[2023-05-13 03:46:27.687] [jointLog] [info] done
[2023-05-13 03:46:27.687] [jointLog] [info] Index contained 192,851 targets
[2023-05-13 03:46:30.000] [jointLog] [info] Number of decoys : 0
[2023-05-13 03:46:30.028] [jointLog] [warning] Fragment GC bias correction is currently *experimental* in single-end libraries.  Please use this option with caution.
[2023-05-13 03:46:30.423] [jointLog] [info] Automatically detected most likely library type as SR

[2023-05-13 03:55:17.486] [jointLog] [info] Thread saw mini-batch with a maximum of 1.04% zero probability fragments
[2023-05-13 03:55:17.529] [jointLog] [info] Thread saw mini-batch with a maximum of 1.08% zero probability fragments
[2023-05-13 03:55:17.561] [jointLog] [info] Thread saw mini-batch with a maximum of 1.10% zero probability fragments
[2023-05-13 03:55:17.587] [jointLog] [info] Thread saw mini-batch with a maximum of 1.08% zero probability fragments
[2023-05-13 03:55:18.051] [jointLog] [info] Computed 586,408 rich equivalence classes for further processing
[2023-05-13 03:55:18.051] [jointLog] [info] Counted 54,529,949 total reads in the equivalence classes 
[2023-05-13 03:55:18.055] [jointLog] [info] Number of mappings discarded because of alignment score : 75,404,858
[2023-05-13 03:55:18.055] [jointLog] [info] Number of fragments entirely discarded because of alignment score : 591,945
[2023-05-13 03:55:18.055] [jointLog] [info] Number of fragments discarded because they are best-mapped to decoys : 0
[2023-05-13 03:55:18.055] [jointLog] [info] Number of fragments discarded because they have only dovetail (discordant) mappings to valid targets : 0
[2023-05-13 03:55:18.055] [jointLog] [info] Mapping rate = 91.3452%

[2023-05-13 03:55:18.055] [jointLog] [info] finished quantifyLibrary()
[2023-05-13 03:55:18.057] [jointLog] [info] Starting optimizer
[2023-05-13 03:55:18.052] [fileLog] [info] 
At end of round 0
==================
Observed 59696539 total fragments (59696539 in most recent round)

[2023-05-13 03:55:18.332] [jointLog] [info] Marked 0 weighted equivalence classes as degenerate
[2023-05-13 03:55:18.394] [jointLog] [info] iteration = 0 | max rel diff. = 36.8364
[2023-05-13 03:55:19.028] [jointLog] [info] iteration 11, adjusting effective lengths to account for biases
[2023-05-13 03:55:38.534] [jointLog] [info] Computed expected counts (for bias correction)
[2023-05-13 03:55:38.534] [jointLog] [info] processed bias for 0.0% of the transcripts
[2023-05-13 03:55:40.277] [jointLog] [info] processed bias for 10.0% of the transcripts
[2023-05-13 03:55:42.272] [jointLog] [info] processed bias for 20.0% of the transcripts
[2023-05-13 03:55:44.328] [jointLog] [info] processed bias for 30.0% of the transcripts
[2023-05-13 03:55:46.524] [jointLog] [info] processed bias for 40.0% of the transcripts
[2023-05-13 03:55:48.737] [jointLog] [info] processed bias for 50.0% of the transcripts
[2023-05-13 03:55:50.899] [jointLog] [info] processed bias for 60.0% of the transcripts
[2023-05-13 03:55:52.400] [jointLog] [info] processed bias for 70.0% of the transcripts
[2023-05-13 03:55:53.319] [jointLog] [info] processed bias for 80.0% of the transcripts
[2023-05-13 03:55:55.386] [jointLog] [info] processed bias for 90.0% of the transcripts
[2023-05-13 03:55:57.503] [jointLog] [info] processed bias for 100.0% of the transcripts
[2023-05-13 03:56:03.413] [jointLog] [info] iteration = 100 | max rel diff. = 17.3393
[2023-05-13 03:56:09.841] [jointLog] [info] iteration = 200 | max rel diff. = 9.70256
[2023-05-13 03:56:16.091] [jointLog] [info] iteration = 300 | max rel diff. = 5.10869
[2023-05-13 03:56:22.303] [jointLog] [info] iteration = 400 | max rel diff. = 11.1825
[2023-05-13 03:56:28.526] [jointLog] [info] iteration = 500 | max rel diff. = 7.65835
[2023-05-13 03:56:34.749] [jointLog] [info] iteration = 600 | max rel diff. = 3.24894
[2023-05-13 03:56:40.948] [jointLog] [info] iteration = 700 | max rel diff. = 4.74547
[2023-05-13 03:56:47.136] [jointLog] [info] iteration = 800 | max rel diff. = 0.463737
[2023-05-13 03:56:53.291] [jointLog] [info] iteration = 900 | max rel diff. = 10.7186
[2023-05-13 03:56:59.429] [jointLog] [info] iteration = 1,000 | max rel diff. = 0.483589
[2023-05-13 03:57:05.646] [jointLog] [info] iteration = 1,100 | max rel diff. = 5.33874
[2023-05-13 03:57:11.919] [jointLog] [info] iteration = 1,200 | max rel diff. = 0.273573
[2023-05-13 03:57:18.206] [jointLog] [info] iteration = 1,300 | max rel diff. = 0.882421
[2023-05-13 03:57:24.502] [jointLog] [info] iteration = 1,400 | max rel diff. = 0.345473
[2023-05-13 03:57:30.770] [jointLog] [info] iteration = 1,500 | max rel diff. = 0.45316
[2023-05-13 03:57:36.959] [jointLog] [info] iteration = 1,600 | max rel diff. = 0.206725
[2023-05-13 03:57:43.102] [jointLog] [info] iteration = 1,700 | max rel diff. = 0.0802832
[2023-05-13 03:57:49.241] [jointLog] [info] iteration = 1,800 | max rel diff. = 0.254797
[2023-05-13 03:57:55.351] [jointLog] [info] iteration = 1,900 | max rel diff. = 0.085483
[2023-05-13 03:58:01.477] [jointLog] [info] iteration = 2,000 | max rel diff. = 0.0961099
[2023-05-13 03:58:07.597] [jointLog] [info] iteration = 2,100 | max rel diff. = 0.256501
[2023-05-13 03:58:13.707] [jointLog] [info] iteration = 2,200 | max rel diff. = 0.840693
[2023-05-13 03:58:19.806] [jointLog] [info] iteration = 2,300 | max rel diff. = 0.596238
[2023-05-13 03:58:25.944] [jointLog] [info] iteration = 2,400 | max rel diff. = 0.0635346
[2023-05-13 03:58:32.076] [jointLog] [info] iteration = 2,500 | max rel diff. = 0.0392632
[2023-05-13 03:58:38.189] [jointLog] [info] iteration = 2,600 | max rel diff. = 0.0460358
[2023-05-13 03:58:44.315] [jointLog] [info] iteration = 2,700 | max rel diff. = 0.0159585
[2023-05-13 03:58:50.456] [jointLog] [info] iteration = 2,800 | max rel diff. = 0.178213
[2023-05-13 03:58:56.589] [jointLog] [info] iteration = 2,900 | max rel diff. = 0.0203969
[2023-05-13 03:59:02.699] [jointLog] [info] iteration = 3,000 | max rel diff. = 0.107211
[2023-05-13 03:59:03.370] [jointLog] [info] iteration = 3,012 | max rel diff. = 0.00917165
[2023-05-13 03:59:03.415] [jointLog] [info] Finished optimizer
[2023-05-13 03:59:03.415] [jointLog] [info] writing output 

